2022-12-11 16:41:44 INFO  - com.company.KunUz3Security22DarsApplication  - Starting KunUz3Security22DarsApplication using Java 18.0.2.1 on DESKTOP-KSJ750Q with PID 5500 (C:\Users\PC\IdeaProjects\kunUz_3Security_22_dars\target\classes started by PC in C:\Users\PC\IdeaProjects\kunUz_3Security_22_dars)
2022-12-11 16:41:44 INFO  - com.company.KunUz3Security22DarsApplication  - The following 1 profile is active: "dev"
2022-12-11 16:41:45 INFO  - org.springframework.data.repository.config.RepositoryConfigurationDelegate  - Bootstrapping Spring Data JPA repositories in DEFAULT mode.
2022-12-11 16:41:45 INFO  - org.springframework.data.repository.config.RepositoryConfigurationDelegate  - Finished Spring Data repository scanning in 64 ms. Found 15 JPA repository interfaces.
2022-12-11 16:41:45 INFO  - org.springframework.boot.web.embedded.tomcat.TomcatWebServer  - Tomcat initialized with port(s): 8080 (http)
2022-12-11 16:41:45 INFO  - org.apache.catalina.core.StandardService  - Starting service [Tomcat]
2022-12-11 16:41:45 INFO  - org.apache.catalina.core.StandardEngine  - Starting Servlet engine: [Apache Tomcat/9.0.64]
2022-12-11 16:41:45 INFO  - org.apache.catalina.core.ContainerBase.[Tomcat].[localhost].[/]  - Initializing Spring embedded WebApplicationContext
2022-12-11 16:41:45 INFO  - org.springframework.boot.web.servlet.context.ServletWebServerApplicationContext  - Root WebApplicationContext: initialization completed in 1734 ms
2022-12-11 16:41:46 INFO  - org.hibernate.jpa.internal.util.LogHelper  - HHH000204: Processing PersistenceUnitInfo [name: default]
2022-12-11 16:41:46 INFO  - org.hibernate.Version  - HHH000412: Hibernate ORM core version 5.6.9.Final
2022-12-11 16:41:46 INFO  - org.hibernate.annotations.common.Version  - HCANN000001: Hibernate Commons Annotations {5.1.2.Final}
2022-12-11 16:41:46 INFO  - com.zaxxer.hikari.HikariDataSource  - HikariPool-1 - Starting...
2022-12-11 16:41:46 INFO  - com.zaxxer.hikari.HikariDataSource  - HikariPool-1 - Start completed.
2022-12-11 16:41:46 INFO  - org.hibernate.dialect.Dialect  - HHH000400: Using dialect: org.hibernate.dialect.PostgreSQL10Dialect
2022-12-11 16:41:46 WARN  - org.hibernate.id.UUIDHexGenerator  - HHH000409: Using org.hibernate.id.UUIDHexGenerator which does not generate IETF RFC 4122 compliant UUID values; consider using org.hibernate.id.UUIDGenerator instead
2022-12-11 16:41:47 INFO  - org.hibernate.engine.transaction.jta.platform.internal.JtaPlatformInitiator  - HHH000490: Using JtaPlatform implementation: [org.hibernate.engine.transaction.jta.platform.internal.NoJtaPlatform]
2022-12-11 16:41:47 INFO  - org.springframework.orm.jpa.LocalContainerEntityManagerFactoryBean  - Initialized JPA EntityManagerFactory for persistence unit 'default'
2022-12-11 16:41:48 WARN  - org.springframework.boot.autoconfigure.orm.jpa.JpaBaseConfiguration$JpaWebConfiguration  - spring.jpa.open-in-view is enabled by default. Therefore, database queries may be performed during view rendering. Explicitly configure spring.jpa.open-in-view to disable this warning
2022-12-11 16:41:48 INFO  - org.springframework.security.web.DefaultSecurityFilterChain  - Will secure any request with [org.springframework.security.web.session.DisableEncodeUrlFilter@56c7e2d1, org.springframework.security.web.context.request.async.WebAsyncManagerIntegrationFilter@2e549515, org.springframework.security.web.context.SecurityContextPersistenceFilter@7b897456, org.springframework.security.web.header.HeaderWriterFilter@29becf8b, org.springframework.security.web.authentication.logout.LogoutFilter@14060410, com.company.config.JwtTokenFilter@6344004d, org.springframework.security.web.savedrequest.RequestCacheAwareFilter@7fecc26f, org.springframework.security.web.servletapi.SecurityContextHolderAwareRequestFilter@529fda9f, org.springframework.security.web.authentication.AnonymousAuthenticationFilter@2c34ce24, org.springframework.security.web.session.SessionManagementFilter@2943e61c, org.springframework.security.web.access.ExceptionTranslationFilter@7d453075, org.springframework.security.web.access.intercept.FilterSecurityInterceptor@66075347]
2022-12-11 16:41:49 INFO  - org.springframework.boot.web.embedded.tomcat.TomcatWebServer  - Tomcat started on port(s): 8080 (http) with context path ''
2022-12-11 16:41:49 INFO  - com.company.KunUz3Security22DarsApplication  - Started KunUz3Security22DarsApplication in 5.546 seconds (JVM running for 8.185)
2022-12-11 16:42:46 INFO  - org.apache.catalina.core.ContainerBase.[Tomcat].[localhost].[/]  - Initializing Spring DispatcherServlet 'dispatcherServlet'
2022-12-11 16:42:46 INFO  - org.springframework.web.servlet.DispatcherServlet  - Initializing Servlet 'dispatcherServlet'
2022-12-11 16:42:46 INFO  - org.springframework.web.servlet.DispatcherServlet  - Completed initialization in 1 ms
2022-12-11 16:42:46 INFO  - com.company.controller.AuthController  - Request for login AuthDTO(email=malikovbehzod2001@gmail.com, password=444)
2022-12-11 16:47:57 INFO  - org.springframework.orm.jpa.LocalContainerEntityManagerFactoryBean  - Closing JPA EntityManagerFactory for persistence unit 'default'
2022-12-11 16:47:57 INFO  - com.zaxxer.hikari.HikariDataSource  - HikariPool-1 - Shutdown initiated...
2022-12-11 16:47:57 INFO  - com.zaxxer.hikari.HikariDataSource  - HikariPool-1 - Shutdown completed.
2022-12-11 16:48:27 INFO  - com.company.KunUz3Security22DarsApplication  - Starting KunUz3Security22DarsApplication using Java 18.0.2.1 on DESKTOP-KSJ750Q with PID 13164 (C:\Users\PC\IdeaProjects\kunUz_3Security_22_dars\target\classes started by PC in C:\Users\PC\IdeaProjects\kunUz_3Security_22_dars)
2022-12-11 16:48:27 INFO  - com.company.KunUz3Security22DarsApplication  - The following 1 profile is active: "dev"
2022-12-11 16:48:27 WARN  - org.springframework.boot.web.servlet.context.AnnotationConfigServletWebServerApplicationContext  - Exception encountered during context initialization - cancelling refresh attempt: org.springframework.beans.factory.BeanDefinitionStoreException: Failed to parse configuration class [com.company.KunUz3Security22DarsApplication]; nested exception is org.springframework.context.annotation.ConflictingBeanDefinitionException: Annotation-specified bean name 'customUserDetailService' for bean class [com.company.service.CustomUserDetailService] conflicts with existing, non-compatible bean definition of same name and class [com.company.config.CustomUserDetailService]
2022-12-11 16:48:27 ERROR - org.springframework.boot.SpringApplication  - Application run failed
org.springframework.beans.factory.BeanDefinitionStoreException: Failed to parse configuration class [com.company.KunUz3Security22DarsApplication]; nested exception is org.springframework.context.annotation.ConflictingBeanDefinitionException: Annotation-specified bean name 'customUserDetailService' for bean class [com.company.service.CustomUserDetailService] conflicts with existing, non-compatible bean definition of same name and class [com.company.config.CustomUserDetailService]
	at org.springframework.context.annotation.ConfigurationClassParser.parse(ConfigurationClassParser.java:189)
	at org.springframework.context.annotation.ConfigurationClassPostProcessor.processConfigBeanDefinitions(ConfigurationClassPostProcessor.java:331)
	at org.springframework.context.annotation.ConfigurationClassPostProcessor.postProcessBeanDefinitionRegistry(ConfigurationClassPostProcessor.java:247)
	at org.springframework.context.support.PostProcessorRegistrationDelegate.invokeBeanDefinitionRegistryPostProcessors(PostProcessorRegistrationDelegate.java:311)
	at org.springframework.context.support.PostProcessorRegistrationDelegate.invokeBeanFactoryPostProcessors(PostProcessorRegistrationDelegate.java:112)
	at org.springframework.context.support.AbstractApplicationContext.invokeBeanFactoryPostProcessors(AbstractApplicationContext.java:746)
	at org.springframework.context.support.AbstractApplicationContext.refresh(AbstractApplicationContext.java:564)
	at org.springframework.boot.web.servlet.context.ServletWebServerApplicationContext.refresh(ServletWebServerApplicationContext.java:147)
	at org.springframework.boot.SpringApplication.refresh(SpringApplication.java:734)
	at org.springframework.boot.SpringApplication.refreshContext(SpringApplication.java:408)
	at org.springframework.boot.SpringApplication.run(SpringApplication.java:308)
	at org.springframework.boot.SpringApplication.run(SpringApplication.java:1306)
	at org.springframework.boot.SpringApplication.run(SpringApplication.java:1295)
	at com.company.KunUz3Security22DarsApplication.main(KunUz3Security22DarsApplication.java:10)
Caused by: org.springframework.context.annotation.ConflictingBeanDefinitionException: Annotation-specified bean name 'customUserDetailService' for bean class [com.company.service.CustomUserDetailService] conflicts with existing, non-compatible bean definition of same name and class [com.company.config.CustomUserDetailService]
	at org.springframework.context.annotation.ClassPathBeanDefinitionScanner.checkCandidate(ClassPathBeanDefinitionScanner.java:349)
	at org.springframework.context.annotation.ClassPathBeanDefinitionScanner.doScan(ClassPathBeanDefinitionScanner.java:287)
	at org.springframework.context.annotation.ComponentScanAnnotationParser.parse(ComponentScanAnnotationParser.java:128)
	at org.springframework.context.annotation.ConfigurationClassParser.doProcessConfigurationClass(ConfigurationClassParser.java:296)
	at org.springframework.context.annotation.ConfigurationClassParser.processConfigurationClass(ConfigurationClassParser.java:250)
	at org.springframework.context.annotation.ConfigurationClassParser.parse(ConfigurationClassParser.java:207)
	at org.springframework.context.annotation.ConfigurationClassParser.parse(ConfigurationClassParser.java:175)
	... 13 common frames omitted
2022-12-11 16:51:17 INFO  - com.company.KunUz3Security22DarsApplication  - Starting KunUz3Security22DarsApplication using Java 18.0.2.1 on DESKTOP-KSJ750Q with PID 2816 (C:\Users\PC\IdeaProjects\kunUz_3Security_22_dars\target\classes started by PC in C:\Users\PC\IdeaProjects\kunUz_3Security_22_dars)
2022-12-11 16:51:17 INFO  - com.company.KunUz3Security22DarsApplication  - The following 1 profile is active: "dev"
2022-12-11 16:51:17 WARN  - org.springframework.boot.web.servlet.context.AnnotationConfigServletWebServerApplicationContext  - Exception encountered during context initialization - cancelling refresh attempt: org.springframework.beans.factory.BeanDefinitionStoreException: Failed to parse configuration class [com.company.KunUz3Security22DarsApplication]; nested exception is org.springframework.context.annotation.ConflictingBeanDefinitionException: Annotation-specified bean name 'customUserDetailService' for bean class [com.company.service.CustomUserDetailService] conflicts with existing, non-compatible bean definition of same name and class [com.company.config.CustomUserDetailService]
2022-12-11 16:51:17 ERROR - org.springframework.boot.SpringApplication  - Application run failed
org.springframework.beans.factory.BeanDefinitionStoreException: Failed to parse configuration class [com.company.KunUz3Security22DarsApplication]; nested exception is org.springframework.context.annotation.ConflictingBeanDefinitionException: Annotation-specified bean name 'customUserDetailService' for bean class [com.company.service.CustomUserDetailService] conflicts with existing, non-compatible bean definition of same name and class [com.company.config.CustomUserDetailService]
	at org.springframework.context.annotation.ConfigurationClassParser.parse(ConfigurationClassParser.java:189)
	at org.springframework.context.annotation.ConfigurationClassPostProcessor.processConfigBeanDefinitions(ConfigurationClassPostProcessor.java:331)
	at org.springframework.context.annotation.ConfigurationClassPostProcessor.postProcessBeanDefinitionRegistry(ConfigurationClassPostProcessor.java:247)
	at org.springframework.context.support.PostProcessorRegistrationDelegate.invokeBeanDefinitionRegistryPostProcessors(PostProcessorRegistrationDelegate.java:311)
	at org.springframework.context.support.PostProcessorRegistrationDelegate.invokeBeanFactoryPostProcessors(PostProcessorRegistrationDelegate.java:112)
	at org.springframework.context.support.AbstractApplicationContext.invokeBeanFactoryPostProcessors(AbstractApplicationContext.java:746)
	at org.springframework.context.support.AbstractApplicationContext.refresh(AbstractApplicationContext.java:564)
	at org.springframework.boot.web.servlet.context.ServletWebServerApplicationContext.refresh(ServletWebServerApplicationContext.java:147)
	at org.springframework.boot.SpringApplication.refresh(SpringApplication.java:734)
	at org.springframework.boot.SpringApplication.refreshContext(SpringApplication.java:408)
	at org.springframework.boot.SpringApplication.run(SpringApplication.java:308)
	at org.springframework.boot.SpringApplication.run(SpringApplication.java:1306)
	at org.springframework.boot.SpringApplication.run(SpringApplication.java:1295)
	at com.company.KunUz3Security22DarsApplication.main(KunUz3Security22DarsApplication.java:10)
Caused by: org.springframework.context.annotation.ConflictingBeanDefinitionException: Annotation-specified bean name 'customUserDetailService' for bean class [com.company.service.CustomUserDetailService] conflicts with existing, non-compatible bean definition of same name and class [com.company.config.CustomUserDetailService]
	at org.springframework.context.annotation.ClassPathBeanDefinitionScanner.checkCandidate(ClassPathBeanDefinitionScanner.java:349)
	at org.springframework.context.annotation.ClassPathBeanDefinitionScanner.doScan(ClassPathBeanDefinitionScanner.java:287)
	at org.springframework.context.annotation.ComponentScanAnnotationParser.parse(ComponentScanAnnotationParser.java:128)
	at org.springframework.context.annotation.ConfigurationClassParser.doProcessConfigurationClass(ConfigurationClassParser.java:296)
	at org.springframework.context.annotation.ConfigurationClassParser.processConfigurationClass(ConfigurationClassParser.java:250)
	at org.springframework.context.annotation.ConfigurationClassParser.parse(ConfigurationClassParser.java:207)
	at org.springframework.context.annotation.ConfigurationClassParser.parse(ConfigurationClassParser.java:175)
	... 13 common frames omitted
2022-12-11 16:54:07 INFO  - com.company.KunUz3Security22DarsApplication  - Starting KunUz3Security22DarsApplication using Java 18.0.2.1 on DESKTOP-KSJ750Q with PID 11024 (C:\Users\PC\IdeaProjects\kunUz_3Security_22_dars\target\classes started by PC in C:\Users\PC\IdeaProjects\kunUz_3Security_22_dars)
2022-12-11 16:54:07 INFO  - com.company.KunUz3Security22DarsApplication  - The following 1 profile is active: "dev"
2022-12-11 16:54:07 WARN  - org.springframework.boot.web.servlet.context.AnnotationConfigServletWebServerApplicationContext  - Exception encountered during context initialization - cancelling refresh attempt: org.springframework.beans.factory.BeanDefinitionStoreException: Failed to parse configuration class [com.company.KunUz3Security22DarsApplication]; nested exception is org.springframework.context.annotation.ConflictingBeanDefinitionException: Annotation-specified bean name 'customUserDetailService' for bean class [com.company.service.CustomUserDetailService] conflicts with existing, non-compatible bean definition of same name and class [com.company.config.CustomUserDetailService]
2022-12-11 16:54:07 ERROR - org.springframework.boot.SpringApplication  - Application run failed
org.springframework.beans.factory.BeanDefinitionStoreException: Failed to parse configuration class [com.company.KunUz3Security22DarsApplication]; nested exception is org.springframework.context.annotation.ConflictingBeanDefinitionException: Annotation-specified bean name 'customUserDetailService' for bean class [com.company.service.CustomUserDetailService] conflicts with existing, non-compatible bean definition of same name and class [com.company.config.CustomUserDetailService]
	at org.springframework.context.annotation.ConfigurationClassParser.parse(ConfigurationClassParser.java:189)
	at org.springframework.context.annotation.ConfigurationClassPostProcessor.processConfigBeanDefinitions(ConfigurationClassPostProcessor.java:331)
	at org.springframework.context.annotation.ConfigurationClassPostProcessor.postProcessBeanDefinitionRegistry(ConfigurationClassPostProcessor.java:247)
	at org.springframework.context.support.PostProcessorRegistrationDelegate.invokeBeanDefinitionRegistryPostProcessors(PostProcessorRegistrationDelegate.java:311)
	at org.springframework.context.support.PostProcessorRegistrationDelegate.invokeBeanFactoryPostProcessors(PostProcessorRegistrationDelegate.java:112)
	at org.springframework.context.support.AbstractApplicationContext.invokeBeanFactoryPostProcessors(AbstractApplicationContext.java:746)
	at org.springframework.context.support.AbstractApplicationContext.refresh(AbstractApplicationContext.java:564)
	at org.springframework.boot.web.servlet.context.ServletWebServerApplicationContext.refresh(ServletWebServerApplicationContext.java:147)
	at org.springframework.boot.SpringApplication.refresh(SpringApplication.java:734)
	at org.springframework.boot.SpringApplication.refreshContext(SpringApplication.java:408)
	at org.springframework.boot.SpringApplication.run(SpringApplication.java:308)
	at org.springframework.boot.SpringApplication.run(SpringApplication.java:1306)
	at org.springframework.boot.SpringApplication.run(SpringApplication.java:1295)
	at com.company.KunUz3Security22DarsApplication.main(KunUz3Security22DarsApplication.java:10)
Caused by: org.springframework.context.annotation.ConflictingBeanDefinitionException: Annotation-specified bean name 'customUserDetailService' for bean class [com.company.service.CustomUserDetailService] conflicts with existing, non-compatible bean definition of same name and class [com.company.config.CustomUserDetailService]
	at org.springframework.context.annotation.ClassPathBeanDefinitionScanner.checkCandidate(ClassPathBeanDefinitionScanner.java:349)
	at org.springframework.context.annotation.ClassPathBeanDefinitionScanner.doScan(ClassPathBeanDefinitionScanner.java:287)
	at org.springframework.context.annotation.ComponentScanAnnotationParser.parse(ComponentScanAnnotationParser.java:128)
	at org.springframework.context.annotation.ConfigurationClassParser.doProcessConfigurationClass(ConfigurationClassParser.java:296)
	at org.springframework.context.annotation.ConfigurationClassParser.processConfigurationClass(ConfigurationClassParser.java:250)
	at org.springframework.context.annotation.ConfigurationClassParser.parse(ConfigurationClassParser.java:207)
	at org.springframework.context.annotation.ConfigurationClassParser.parse(ConfigurationClassParser.java:175)
	... 13 common frames omitted
2022-12-11 16:58:40 INFO  - com.company.KunUz3Security22DarsApplication  - Starting KunUz3Security22DarsApplication using Java 18.0.2.1 on DESKTOP-KSJ750Q with PID 11360 (C:\Users\PC\IdeaProjects\kunUz_3Security_22_dars\target\classes started by PC in C:\Users\PC\IdeaProjects\kunUz_3Security_22_dars)
2022-12-11 16:58:40 INFO  - com.company.KunUz3Security22DarsApplication  - The following 1 profile is active: "dev"
2022-12-11 16:58:40 WARN  - org.springframework.boot.web.servlet.context.AnnotationConfigServletWebServerApplicationContext  - Exception encountered during context initialization - cancelling refresh attempt: org.springframework.beans.factory.BeanDefinitionStoreException: Failed to parse configuration class [com.company.KunUz3Security22DarsApplication]; nested exception is org.springframework.context.annotation.ConflictingBeanDefinitionException: Annotation-specified bean name 'customUserDetailService' for bean class [com.company.service.CustomUserDetailService] conflicts with existing, non-compatible bean definition of same name and class [com.company.config.CustomUserDetailService]
2022-12-11 16:58:40 ERROR - org.springframework.boot.SpringApplication  - Application run failed
org.springframework.beans.factory.BeanDefinitionStoreException: Failed to parse configuration class [com.company.KunUz3Security22DarsApplication]; nested exception is org.springframework.context.annotation.ConflictingBeanDefinitionException: Annotation-specified bean name 'customUserDetailService' for bean class [com.company.service.CustomUserDetailService] conflicts with existing, non-compatible bean definition of same name and class [com.company.config.CustomUserDetailService]
	at org.springframework.context.annotation.ConfigurationClassParser.parse(ConfigurationClassParser.java:189)
	at org.springframework.context.annotation.ConfigurationClassPostProcessor.processConfigBeanDefinitions(ConfigurationClassPostProcessor.java:331)
	at org.springframework.context.annotation.ConfigurationClassPostProcessor.postProcessBeanDefinitionRegistry(ConfigurationClassPostProcessor.java:247)
	at org.springframework.context.support.PostProcessorRegistrationDelegate.invokeBeanDefinitionRegistryPostProcessors(PostProcessorRegistrationDelegate.java:311)
	at org.springframework.context.support.PostProcessorRegistrationDelegate.invokeBeanFactoryPostProcessors(PostProcessorRegistrationDelegate.java:112)
	at org.springframework.context.support.AbstractApplicationContext.invokeBeanFactoryPostProcessors(AbstractApplicationContext.java:746)
	at org.springframework.context.support.AbstractApplicationContext.refresh(AbstractApplicationContext.java:564)
	at org.springframework.boot.web.servlet.context.ServletWebServerApplicationContext.refresh(ServletWebServerApplicationContext.java:147)
	at org.springframework.boot.SpringApplication.refresh(SpringApplication.java:734)
	at org.springframework.boot.SpringApplication.refreshContext(SpringApplication.java:408)
	at org.springframework.boot.SpringApplication.run(SpringApplication.java:308)
	at org.springframework.boot.SpringApplication.run(SpringApplication.java:1306)
	at org.springframework.boot.SpringApplication.run(SpringApplication.java:1295)
	at com.company.KunUz3Security22DarsApplication.main(KunUz3Security22DarsApplication.java:10)
Caused by: org.springframework.context.annotation.ConflictingBeanDefinitionException: Annotation-specified bean name 'customUserDetailService' for bean class [com.company.service.CustomUserDetailService] conflicts with existing, non-compatible bean definition of same name and class [com.company.config.CustomUserDetailService]
	at org.springframework.context.annotation.ClassPathBeanDefinitionScanner.checkCandidate(ClassPathBeanDefinitionScanner.java:349)
	at org.springframework.context.annotation.ClassPathBeanDefinitionScanner.doScan(ClassPathBeanDefinitionScanner.java:287)
	at org.springframework.context.annotation.ComponentScanAnnotationParser.parse(ComponentScanAnnotationParser.java:128)
	at org.springframework.context.annotation.ConfigurationClassParser.doProcessConfigurationClass(ConfigurationClassParser.java:296)
	at org.springframework.context.annotation.ConfigurationClassParser.processConfigurationClass(ConfigurationClassParser.java:250)
	at org.springframework.context.annotation.ConfigurationClassParser.parse(ConfigurationClassParser.java:207)
	at org.springframework.context.annotation.ConfigurationClassParser.parse(ConfigurationClassParser.java:175)
	... 13 common frames omitted
2022-12-11 17:02:35 INFO  - com.company.KunUz3Security22DarsApplication  - Starting KunUz3Security22DarsApplication using Java 18.0.2.1 on DESKTOP-KSJ750Q with PID 8624 (C:\Users\PC\IdeaProjects\kunUz_3Security_22_dars\target\classes started by PC in C:\Users\PC\IdeaProjects\kunUz_3Security_22_dars)
2022-12-11 17:02:35 INFO  - com.company.KunUz3Security22DarsApplication  - The following 1 profile is active: "dev"
2022-12-11 17:02:35 WARN  - org.springframework.boot.web.servlet.context.AnnotationConfigServletWebServerApplicationContext  - Exception encountered during context initialization - cancelling refresh attempt: org.springframework.beans.factory.BeanDefinitionStoreException: Failed to parse configuration class [com.company.KunUz3Security22DarsApplication]; nested exception is org.springframework.context.annotation.ConflictingBeanDefinitionException: Annotation-specified bean name 'customUserDetailService' for bean class [com.company.service.CustomUserDetailService] conflicts with existing, non-compatible bean definition of same name and class [com.company.config.CustomUserDetailService]
2022-12-11 17:02:35 ERROR - org.springframework.boot.SpringApplication  - Application run failed
org.springframework.beans.factory.BeanDefinitionStoreException: Failed to parse configuration class [com.company.KunUz3Security22DarsApplication]; nested exception is org.springframework.context.annotation.ConflictingBeanDefinitionException: Annotation-specified bean name 'customUserDetailService' for bean class [com.company.service.CustomUserDetailService] conflicts with existing, non-compatible bean definition of same name and class [com.company.config.CustomUserDetailService]
	at org.springframework.context.annotation.ConfigurationClassParser.parse(ConfigurationClassParser.java:189)
	at org.springframework.context.annotation.ConfigurationClassPostProcessor.processConfigBeanDefinitions(ConfigurationClassPostProcessor.java:331)
	at org.springframework.context.annotation.ConfigurationClassPostProcessor.postProcessBeanDefinitionRegistry(ConfigurationClassPostProcessor.java:247)
	at org.springframework.context.support.PostProcessorRegistrationDelegate.invokeBeanDefinitionRegistryPostProcessors(PostProcessorRegistrationDelegate.java:311)
	at org.springframework.context.support.PostProcessorRegistrationDelegate.invokeBeanFactoryPostProcessors(PostProcessorRegistrationDelegate.java:112)
	at org.springframework.context.support.AbstractApplicationContext.invokeBeanFactoryPostProcessors(AbstractApplicationContext.java:746)
	at org.springframework.context.support.AbstractApplicationContext.refresh(AbstractApplicationContext.java:564)
	at org.springframework.boot.web.servlet.context.ServletWebServerApplicationContext.refresh(ServletWebServerApplicationContext.java:147)
	at org.springframework.boot.SpringApplication.refresh(SpringApplication.java:734)
	at org.springframework.boot.SpringApplication.refreshContext(SpringApplication.java:408)
	at org.springframework.boot.SpringApplication.run(SpringApplication.java:308)
	at org.springframework.boot.SpringApplication.run(SpringApplication.java:1306)
	at org.springframework.boot.SpringApplication.run(SpringApplication.java:1295)
	at com.company.KunUz3Security22DarsApplication.main(KunUz3Security22DarsApplication.java:10)
Caused by: org.springframework.context.annotation.ConflictingBeanDefinitionException: Annotation-specified bean name 'customUserDetailService' for bean class [com.company.service.CustomUserDetailService] conflicts with existing, non-compatible bean definition of same name and class [com.company.config.CustomUserDetailService]
	at org.springframework.context.annotation.ClassPathBeanDefinitionScanner.checkCandidate(ClassPathBeanDefinitionScanner.java:349)
	at org.springframework.context.annotation.ClassPathBeanDefinitionScanner.doScan(ClassPathBeanDefinitionScanner.java:287)
	at org.springframework.context.annotation.ComponentScanAnnotationParser.parse(ComponentScanAnnotationParser.java:128)
	at org.springframework.context.annotation.ConfigurationClassParser.doProcessConfigurationClass(ConfigurationClassParser.java:296)
	at org.springframework.context.annotation.ConfigurationClassParser.processConfigurationClass(ConfigurationClassParser.java:250)
	at org.springframework.context.annotation.ConfigurationClassParser.parse(ConfigurationClassParser.java:207)
	at org.springframework.context.annotation.ConfigurationClassParser.parse(ConfigurationClassParser.java:175)
	... 13 common frames omitted
2022-12-11 17:04:14 INFO  - com.company.KunUz3Security22DarsApplication  - Starting KunUz3Security22DarsApplication using Java 18.0.2.1 on DESKTOP-KSJ750Q with PID 8264 (C:\Users\PC\IdeaProjects\kunUz_3Security_22_dars\target\classes started by PC in C:\Users\PC\IdeaProjects\kunUz_3Security_22_dars)
2022-12-11 17:04:14 INFO  - com.company.KunUz3Security22DarsApplication  - The following 1 profile is active: "dev"
2022-12-11 17:04:15 INFO  - org.springframework.data.repository.config.RepositoryConfigurationDelegate  - Bootstrapping Spring Data JPA repositories in DEFAULT mode.
2022-12-11 17:04:15 INFO  - org.springframework.data.repository.config.RepositoryConfigurationDelegate  - Finished Spring Data repository scanning in 54 ms. Found 15 JPA repository interfaces.
2022-12-11 17:04:15 INFO  - org.springframework.boot.web.embedded.tomcat.TomcatWebServer  - Tomcat initialized with port(s): 8080 (http)
2022-12-11 17:04:15 INFO  - org.apache.catalina.core.StandardService  - Starting service [Tomcat]
2022-12-11 17:04:15 INFO  - org.apache.catalina.core.StandardEngine  - Starting Servlet engine: [Apache Tomcat/9.0.64]
2022-12-11 17:04:15 INFO  - org.apache.catalina.core.ContainerBase.[Tomcat].[localhost].[/]  - Initializing Spring embedded WebApplicationContext
2022-12-11 17:04:15 INFO  - org.springframework.boot.web.servlet.context.ServletWebServerApplicationContext  - Root WebApplicationContext: initialization completed in 1110 ms
2022-12-11 17:04:15 INFO  - org.hibernate.jpa.internal.util.LogHelper  - HHH000204: Processing PersistenceUnitInfo [name: default]
2022-12-11 17:04:15 INFO  - org.hibernate.Version  - HHH000412: Hibernate ORM core version 5.6.9.Final
2022-12-11 17:04:16 INFO  - org.hibernate.annotations.common.Version  - HCANN000001: Hibernate Commons Annotations {5.1.2.Final}
2022-12-11 17:04:16 INFO  - com.zaxxer.hikari.HikariDataSource  - HikariPool-1 - Starting...
2022-12-11 17:04:16 INFO  - com.zaxxer.hikari.HikariDataSource  - HikariPool-1 - Start completed.
2022-12-11 17:04:16 INFO  - org.hibernate.dialect.Dialect  - HHH000400: Using dialect: org.hibernate.dialect.PostgreSQL10Dialect
2022-12-11 17:04:16 WARN  - org.hibernate.id.UUIDHexGenerator  - HHH000409: Using org.hibernate.id.UUIDHexGenerator which does not generate IETF RFC 4122 compliant UUID values; consider using org.hibernate.id.UUIDGenerator instead
2022-12-11 17:04:16 INFO  - org.hibernate.engine.transaction.jta.platform.internal.JtaPlatformInitiator  - HHH000490: Using JtaPlatform implementation: [org.hibernate.engine.transaction.jta.platform.internal.NoJtaPlatform]
2022-12-11 17:04:16 INFO  - org.springframework.orm.jpa.LocalContainerEntityManagerFactoryBean  - Initialized JPA EntityManagerFactory for persistence unit 'default'
2022-12-11 17:04:17 WARN  - org.springframework.boot.autoconfigure.orm.jpa.JpaBaseConfiguration$JpaWebConfiguration  - spring.jpa.open-in-view is enabled by default. Therefore, database queries may be performed during view rendering. Explicitly configure spring.jpa.open-in-view to disable this warning
2022-12-11 17:04:17 INFO  - org.springframework.security.web.DefaultSecurityFilterChain  - Will secure any request with [org.springframework.security.web.context.request.async.WebAsyncManagerIntegrationFilter@7a8e35d1, org.springframework.security.web.context.SecurityContextPersistenceFilter@6c2a7c73, org.springframework.security.web.header.HeaderWriterFilter@6d3c80bf, org.springframework.security.web.authentication.logout.LogoutFilter@1071f3ad, com.company.config.JwtTokenFilter@43c20142, org.springframework.security.web.savedrequest.RequestCacheAwareFilter@193710c3, org.springframework.security.web.servletapi.SecurityContextHolderAwareRequestFilter@741687d4, org.springframework.security.web.authentication.AnonymousAuthenticationFilter@e74300b, org.springframework.security.web.session.SessionManagementFilter@6ca9ec77, org.springframework.security.web.access.ExceptionTranslationFilter@56ece9c, org.springframework.security.web.access.intercept.FilterSecurityInterceptor@2e871e93]
2022-12-11 17:04:17 INFO  - org.springframework.boot.web.embedded.tomcat.TomcatWebServer  - Tomcat started on port(s): 8080 (http) with context path ''
2022-12-11 17:04:18 INFO  - com.company.KunUz3Security22DarsApplication  - Started KunUz3Security22DarsApplication in 3.835 seconds (JVM running for 4.252)
2022-12-11 17:04:28 INFO  - org.apache.catalina.core.ContainerBase.[Tomcat].[localhost].[/]  - Initializing Spring DispatcherServlet 'dispatcherServlet'
2022-12-11 17:04:28 INFO  - org.springframework.web.servlet.DispatcherServlet  - Initializing Servlet 'dispatcherServlet'
2022-12-11 17:04:28 INFO  - org.springframework.web.servlet.DispatcherServlet  - Completed initialization in 1 ms
2022-12-11 17:10:49 INFO  - org.springframework.orm.jpa.LocalContainerEntityManagerFactoryBean  - Closing JPA EntityManagerFactory for persistence unit 'default'
2022-12-11 17:10:49 INFO  - com.zaxxer.hikari.HikariDataSource  - HikariPool-1 - Shutdown initiated...
2022-12-11 17:10:49 INFO  - com.zaxxer.hikari.HikariDataSource  - HikariPool-1 - Shutdown completed.
2022-12-11 17:10:53 INFO  - com.company.KunUz3Security22DarsApplication  - Starting KunUz3Security22DarsApplication using Java 18.0.2.1 on DESKTOP-KSJ750Q with PID 7492 (C:\Users\PC\IdeaProjects\kunUz_3Security_22_dars\target\classes started by PC in C:\Users\PC\IdeaProjects\kunUz_3Security_22_dars)
2022-12-11 17:10:53 INFO  - com.company.KunUz3Security22DarsApplication  - The following 1 profile is active: "dev"
2022-12-11 17:10:54 INFO  - org.springframework.data.repository.config.RepositoryConfigurationDelegate  - Bootstrapping Spring Data JPA repositories in DEFAULT mode.
2022-12-11 17:10:54 INFO  - org.springframework.data.repository.config.RepositoryConfigurationDelegate  - Finished Spring Data repository scanning in 54 ms. Found 15 JPA repository interfaces.
2022-12-11 17:10:54 INFO  - org.springframework.boot.web.embedded.tomcat.TomcatWebServer  - Tomcat initialized with port(s): 8080 (http)
2022-12-11 17:10:54 INFO  - org.apache.catalina.core.StandardService  - Starting service [Tomcat]
2022-12-11 17:10:54 INFO  - org.apache.catalina.core.StandardEngine  - Starting Servlet engine: [Apache Tomcat/9.0.64]
2022-12-11 17:10:54 INFO  - org.apache.catalina.core.ContainerBase.[Tomcat].[localhost].[/]  - Initializing Spring embedded WebApplicationContext
2022-12-11 17:10:54 INFO  - org.springframework.boot.web.servlet.context.ServletWebServerApplicationContext  - Root WebApplicationContext: initialization completed in 1036 ms
2022-12-11 17:10:55 INFO  - org.hibernate.jpa.internal.util.LogHelper  - HHH000204: Processing PersistenceUnitInfo [name: default]
2022-12-11 17:10:55 INFO  - org.hibernate.Version  - HHH000412: Hibernate ORM core version 5.6.9.Final
2022-12-11 17:10:55 INFO  - org.hibernate.annotations.common.Version  - HCANN000001: Hibernate Commons Annotations {5.1.2.Final}
2022-12-11 17:10:55 INFO  - com.zaxxer.hikari.HikariDataSource  - HikariPool-1 - Starting...
2022-12-11 17:10:55 INFO  - com.zaxxer.hikari.HikariDataSource  - HikariPool-1 - Start completed.
2022-12-11 17:10:55 INFO  - org.hibernate.dialect.Dialect  - HHH000400: Using dialect: org.hibernate.dialect.PostgreSQL10Dialect
2022-12-11 17:10:55 WARN  - org.hibernate.id.UUIDHexGenerator  - HHH000409: Using org.hibernate.id.UUIDHexGenerator which does not generate IETF RFC 4122 compliant UUID values; consider using org.hibernate.id.UUIDGenerator instead
2022-12-11 17:10:55 INFO  - org.hibernate.engine.transaction.jta.platform.internal.JtaPlatformInitiator  - HHH000490: Using JtaPlatform implementation: [org.hibernate.engine.transaction.jta.platform.internal.NoJtaPlatform]
2022-12-11 17:10:55 INFO  - org.springframework.orm.jpa.LocalContainerEntityManagerFactoryBean  - Initialized JPA EntityManagerFactory for persistence unit 'default'
2022-12-11 17:10:56 WARN  - org.springframework.boot.autoconfigure.orm.jpa.JpaBaseConfiguration$JpaWebConfiguration  - spring.jpa.open-in-view is enabled by default. Therefore, database queries may be performed during view rendering. Explicitly configure spring.jpa.open-in-view to disable this warning
2022-12-11 17:10:56 INFO  - org.springframework.security.web.DefaultSecurityFilterChain  - Will secure any request with [org.springframework.security.web.context.request.async.WebAsyncManagerIntegrationFilter@76a1cc1a, org.springframework.security.web.context.SecurityContextPersistenceFilter@314407dd, org.springframework.security.web.header.HeaderWriterFilter@1deca369, org.springframework.security.web.authentication.logout.LogoutFilter@6b3708f0, com.company.config.JwtTokenFilter@4f5df012, org.springframework.security.web.savedrequest.RequestCacheAwareFilter@5e89e527, org.springframework.security.web.servletapi.SecurityContextHolderAwareRequestFilter@23f9d0ce, org.springframework.security.web.authentication.AnonymousAuthenticationFilter@597a5ead, org.springframework.security.web.session.SessionManagementFilter@193710c3, org.springframework.security.web.access.ExceptionTranslationFilter@5c3ad125, org.springframework.security.web.access.intercept.FilterSecurityInterceptor@34e7a627]
2022-12-11 17:10:56 INFO  - org.springframework.boot.web.embedded.tomcat.TomcatWebServer  - Tomcat started on port(s): 8080 (http) with context path ''
2022-12-11 17:10:57 INFO  - com.company.KunUz3Security22DarsApplication  - Started KunUz3Security22DarsApplication in 3.643 seconds (JVM running for 4.006)
2022-12-11 17:11:02 INFO  - org.apache.catalina.core.ContainerBase.[Tomcat].[localhost].[/]  - Initializing Spring DispatcherServlet 'dispatcherServlet'
2022-12-11 17:11:02 INFO  - org.springframework.web.servlet.DispatcherServlet  - Initializing Servlet 'dispatcherServlet'
2022-12-11 17:11:02 INFO  - org.springframework.web.servlet.DispatcherServlet  - Completed initialization in 1 ms
2022-12-11 17:13:17 INFO  - org.springframework.orm.jpa.LocalContainerEntityManagerFactoryBean  - Closing JPA EntityManagerFactory for persistence unit 'default'
2022-12-11 17:13:17 INFO  - com.zaxxer.hikari.HikariDataSource  - HikariPool-1 - Shutdown initiated...
2022-12-11 17:13:17 INFO  - com.zaxxer.hikari.HikariDataSource  - HikariPool-1 - Shutdown completed.
2022-12-11 17:13:23 INFO  - com.company.KunUz3Security22DarsApplication  - Starting KunUz3Security22DarsApplication using Java 18.0.2.1 on DESKTOP-KSJ750Q with PID 9120 (C:\Users\PC\IdeaProjects\kunUz_3Security_22_dars\target\classes started by PC in C:\Users\PC\IdeaProjects\kunUz_3Security_22_dars)
2022-12-11 17:13:23 INFO  - com.company.KunUz3Security22DarsApplication  - The following 1 profile is active: "dev"
2022-12-11 17:13:24 INFO  - org.springframework.data.repository.config.RepositoryConfigurationDelegate  - Bootstrapping Spring Data JPA repositories in DEFAULT mode.
2022-12-11 17:13:24 INFO  - org.springframework.data.repository.config.RepositoryConfigurationDelegate  - Finished Spring Data repository scanning in 52 ms. Found 15 JPA repository interfaces.
2022-12-11 17:13:24 INFO  - org.springframework.boot.web.embedded.tomcat.TomcatWebServer  - Tomcat initialized with port(s): 8080 (http)
2022-12-11 17:13:24 INFO  - org.apache.catalina.core.StandardService  - Starting service [Tomcat]
2022-12-11 17:13:24 INFO  - org.apache.catalina.core.StandardEngine  - Starting Servlet engine: [Apache Tomcat/9.0.64]
2022-12-11 17:13:24 INFO  - org.apache.catalina.core.ContainerBase.[Tomcat].[localhost].[/]  - Initializing Spring embedded WebApplicationContext
2022-12-11 17:13:24 INFO  - org.springframework.boot.web.servlet.context.ServletWebServerApplicationContext  - Root WebApplicationContext: initialization completed in 1037 ms
2022-12-11 17:13:24 INFO  - org.hibernate.jpa.internal.util.LogHelper  - HHH000204: Processing PersistenceUnitInfo [name: default]
2022-12-11 17:13:24 INFO  - org.hibernate.Version  - HHH000412: Hibernate ORM core version 5.6.9.Final
2022-12-11 17:13:24 INFO  - org.hibernate.annotations.common.Version  - HCANN000001: Hibernate Commons Annotations {5.1.2.Final}
2022-12-11 17:13:24 INFO  - com.zaxxer.hikari.HikariDataSource  - HikariPool-1 - Starting...
2022-12-11 17:13:24 INFO  - com.zaxxer.hikari.HikariDataSource  - HikariPool-1 - Start completed.
2022-12-11 17:13:25 INFO  - org.hibernate.dialect.Dialect  - HHH000400: Using dialect: org.hibernate.dialect.PostgreSQL10Dialect
2022-12-11 17:13:25 WARN  - org.hibernate.id.UUIDHexGenerator  - HHH000409: Using org.hibernate.id.UUIDHexGenerator which does not generate IETF RFC 4122 compliant UUID values; consider using org.hibernate.id.UUIDGenerator instead
2022-12-11 17:13:25 INFO  - org.hibernate.engine.transaction.jta.platform.internal.JtaPlatformInitiator  - HHH000490: Using JtaPlatform implementation: [org.hibernate.engine.transaction.jta.platform.internal.NoJtaPlatform]
2022-12-11 17:13:25 INFO  - org.springframework.orm.jpa.LocalContainerEntityManagerFactoryBean  - Initialized JPA EntityManagerFactory for persistence unit 'default'
2022-12-11 17:13:25 WARN  - org.springframework.boot.autoconfigure.orm.jpa.JpaBaseConfiguration$JpaWebConfiguration  - spring.jpa.open-in-view is enabled by default. Therefore, database queries may be performed during view rendering. Explicitly configure spring.jpa.open-in-view to disable this warning
2022-12-11 17:13:26 INFO  - org.springframework.security.web.DefaultSecurityFilterChain  - Will secure any request with [org.springframework.security.web.context.request.async.WebAsyncManagerIntegrationFilter@597a5ead, org.springframework.security.web.context.SecurityContextPersistenceFilter@7f19430f, org.springframework.security.web.header.HeaderWriterFilter@2d0ce8a1, org.springframework.security.web.authentication.logout.LogoutFilter@77c1a7ce, com.company.config.JwtTokenFilter@556e4588, org.springframework.security.web.savedrequest.RequestCacheAwareFilter@41f84bb1, org.springframework.security.web.servletapi.SecurityContextHolderAwareRequestFilter@53c0424a, org.springframework.security.web.authentication.AnonymousAuthenticationFilter@e763080, org.springframework.security.web.session.SessionManagementFilter@eb23b9c, org.springframework.security.web.access.ExceptionTranslationFilter@145ce025, org.springframework.security.web.access.intercept.FilterSecurityInterceptor@5bb7fc38]
2022-12-11 17:13:26 INFO  - org.springframework.boot.web.embedded.tomcat.TomcatWebServer  - Tomcat started on port(s): 8080 (http) with context path ''
2022-12-11 17:13:26 INFO  - com.company.KunUz3Security22DarsApplication  - Started KunUz3Security22DarsApplication in 3.64 seconds (JVM running for 4.003)
2022-12-11 17:13:30 INFO  - org.apache.catalina.core.ContainerBase.[Tomcat].[localhost].[/]  - Initializing Spring DispatcherServlet 'dispatcherServlet'
2022-12-11 17:13:30 INFO  - org.springframework.web.servlet.DispatcherServlet  - Initializing Servlet 'dispatcherServlet'
2022-12-11 17:13:30 INFO  - org.springframework.web.servlet.DispatcherServlet  - Completed initialization in 1 ms
2022-12-11 17:16:49 INFO  - com.company.controller.AuthController  - Request for registration com.company.dto.RegistrationDTO@1ba13f83
2022-12-11 17:17:15 INFO  - com.company.controller.AuthController  - Request for sms verifacation VerificationDTO(phone=998990109090, code=36743)
2022-12-11 17:19:38 INFO  - org.springframework.orm.jpa.LocalContainerEntityManagerFactoryBean  - Closing JPA EntityManagerFactory for persistence unit 'default'
2022-12-11 17:19:38 INFO  - com.zaxxer.hikari.HikariDataSource  - HikariPool-1 - Shutdown initiated...
2022-12-11 17:19:38 INFO  - com.zaxxer.hikari.HikariDataSource  - HikariPool-1 - Shutdown completed.
2022-12-11 17:19:42 INFO  - com.company.KunUz3Security22DarsApplication  - Starting KunUz3Security22DarsApplication using Java 18.0.2.1 on DESKTOP-KSJ750Q with PID 5564 (C:\Users\PC\IdeaProjects\kunUz_3Security_22_dars\target\classes started by PC in C:\Users\PC\IdeaProjects\kunUz_3Security_22_dars)
2022-12-11 17:19:42 INFO  - com.company.KunUz3Security22DarsApplication  - The following 1 profile is active: "dev"
2022-12-11 17:19:42 INFO  - org.springframework.data.repository.config.RepositoryConfigurationDelegate  - Bootstrapping Spring Data JPA repositories in DEFAULT mode.
2022-12-11 17:19:42 INFO  - org.springframework.data.repository.config.RepositoryConfigurationDelegate  - Finished Spring Data repository scanning in 63 ms. Found 15 JPA repository interfaces.
2022-12-11 17:19:43 INFO  - org.springframework.boot.web.embedded.tomcat.TomcatWebServer  - Tomcat initialized with port(s): 8080 (http)
2022-12-11 17:19:43 INFO  - org.apache.catalina.core.StandardService  - Starting service [Tomcat]
2022-12-11 17:19:43 INFO  - org.apache.catalina.core.StandardEngine  - Starting Servlet engine: [Apache Tomcat/9.0.64]
2022-12-11 17:19:43 INFO  - org.apache.catalina.core.ContainerBase.[Tomcat].[localhost].[/]  - Initializing Spring embedded WebApplicationContext
2022-12-11 17:19:43 INFO  - org.springframework.boot.web.servlet.context.ServletWebServerApplicationContext  - Root WebApplicationContext: initialization completed in 1129 ms
2022-12-11 17:19:43 INFO  - org.hibernate.jpa.internal.util.LogHelper  - HHH000204: Processing PersistenceUnitInfo [name: default]
2022-12-11 17:19:43 INFO  - org.hibernate.Version  - HHH000412: Hibernate ORM core version 5.6.9.Final
2022-12-11 17:19:43 INFO  - org.hibernate.annotations.common.Version  - HCANN000001: Hibernate Commons Annotations {5.1.2.Final}
2022-12-11 17:19:43 INFO  - com.zaxxer.hikari.HikariDataSource  - HikariPool-1 - Starting...
2022-12-11 17:19:44 INFO  - com.zaxxer.hikari.HikariDataSource  - HikariPool-1 - Start completed.
2022-12-11 17:19:44 INFO  - org.hibernate.dialect.Dialect  - HHH000400: Using dialect: org.hibernate.dialect.PostgreSQL10Dialect
2022-12-11 17:19:44 WARN  - org.hibernate.id.UUIDHexGenerator  - HHH000409: Using org.hibernate.id.UUIDHexGenerator which does not generate IETF RFC 4122 compliant UUID values; consider using org.hibernate.id.UUIDGenerator instead
2022-12-11 17:19:45 INFO  - org.hibernate.engine.transaction.jta.platform.internal.JtaPlatformInitiator  - HHH000490: Using JtaPlatform implementation: [org.hibernate.engine.transaction.jta.platform.internal.NoJtaPlatform]
2022-12-11 17:19:45 INFO  - org.springframework.orm.jpa.LocalContainerEntityManagerFactoryBean  - Initialized JPA EntityManagerFactory for persistence unit 'default'
2022-12-11 17:19:45 WARN  - org.springframework.boot.autoconfigure.orm.jpa.JpaBaseConfiguration$JpaWebConfiguration  - spring.jpa.open-in-view is enabled by default. Therefore, database queries may be performed during view rendering. Explicitly configure spring.jpa.open-in-view to disable this warning
2022-12-11 17:19:46 INFO  - org.springframework.security.web.DefaultSecurityFilterChain  - Will secure any request with [org.springframework.security.web.context.request.async.WebAsyncManagerIntegrationFilter@39d44217, org.springframework.security.web.context.SecurityContextPersistenceFilter@2f143ea, org.springframework.security.web.header.HeaderWriterFilter@3be60847, org.springframework.security.web.authentication.logout.LogoutFilter@7d8a5ec7, com.company.config.JwtTokenFilter@151f1734, org.springframework.security.web.savedrequest.RequestCacheAwareFilter@19983dd1, org.springframework.security.web.servletapi.SecurityContextHolderAwareRequestFilter@e196238, org.springframework.security.web.authentication.AnonymousAuthenticationFilter@3280a79a, org.springframework.security.web.session.SessionManagementFilter@5562f297, org.springframework.security.web.access.ExceptionTranslationFilter@4c7d19bf, org.springframework.security.web.access.intercept.FilterSecurityInterceptor@63075ad1]
2022-12-11 17:19:46 INFO  - org.springframework.boot.web.embedded.tomcat.TomcatWebServer  - Tomcat started on port(s): 8080 (http) with context path ''
2022-12-11 17:19:47 INFO  - com.company.KunUz3Security22DarsApplication  - Started KunUz3Security22DarsApplication in 5.211 seconds (JVM running for 5.962)
2022-12-11 17:19:51 INFO  - org.apache.catalina.core.ContainerBase.[Tomcat].[localhost].[/]  - Initializing Spring DispatcherServlet 'dispatcherServlet'
2022-12-11 17:19:51 INFO  - org.springframework.web.servlet.DispatcherServlet  - Initializing Servlet 'dispatcherServlet'
2022-12-11 17:19:51 INFO  - org.springframework.web.servlet.DispatcherServlet  - Completed initialization in 1 ms
2022-12-11 17:24:06 INFO  - com.company.controller.attach.AttachController  - Request for upload org.springframework.web.multipart.support.StandardMultipartHttpServletRequest$StandardMultipartFile@3ff41607
2022-12-11 17:28:16 INFO  - com.company.controller.attach.AttachController  - Request for get pagination 0
2022-12-11 17:33:03 INFO  - com.company.controller.ProfileController  - Request for create com.company.dto.profile.ProfileDTO@10a7f05a
2022-12-11 17:33:27 INFO  - org.springframework.orm.jpa.LocalContainerEntityManagerFactoryBean  - Closing JPA EntityManagerFactory for persistence unit 'default'
2022-12-11 17:33:27 INFO  - com.zaxxer.hikari.HikariDataSource  - HikariPool-1 - Shutdown initiated...
2022-12-11 17:33:27 INFO  - com.zaxxer.hikari.HikariDataSource  - HikariPool-1 - Shutdown completed.
2022-12-11 17:34:17 INFO  - com.company.KunUz3Security22DarsApplication  - Starting KunUz3Security22DarsApplication using Java 18.0.2.1 on DESKTOP-KSJ750Q with PID 2452 (C:\Users\PC\IdeaProjects\kunUz_3Security_22_dars\target\classes started by PC in C:\Users\PC\IdeaProjects\kunUz_3Security_22_dars)
2022-12-11 17:34:17 INFO  - com.company.KunUz3Security22DarsApplication  - The following 1 profile is active: "dev"
2022-12-11 17:34:17 INFO  - org.springframework.data.repository.config.RepositoryConfigurationDelegate  - Bootstrapping Spring Data JPA repositories in DEFAULT mode.
2022-12-11 17:34:17 INFO  - org.springframework.data.repository.config.RepositoryConfigurationDelegate  - Finished Spring Data repository scanning in 54 ms. Found 15 JPA repository interfaces.
2022-12-11 17:34:18 INFO  - org.springframework.boot.web.embedded.tomcat.TomcatWebServer  - Tomcat initialized with port(s): 8080 (http)
2022-12-11 17:34:18 INFO  - org.apache.catalina.core.StandardService  - Starting service [Tomcat]
2022-12-11 17:34:18 INFO  - org.apache.catalina.core.StandardEngine  - Starting Servlet engine: [Apache Tomcat/9.0.64]
2022-12-11 17:34:18 INFO  - org.apache.catalina.core.ContainerBase.[Tomcat].[localhost].[/]  - Initializing Spring embedded WebApplicationContext
2022-12-11 17:34:18 INFO  - org.springframework.boot.web.servlet.context.ServletWebServerApplicationContext  - Root WebApplicationContext: initialization completed in 1035 ms
2022-12-11 17:34:18 INFO  - org.hibernate.jpa.internal.util.LogHelper  - HHH000204: Processing PersistenceUnitInfo [name: default]
2022-12-11 17:34:18 INFO  - org.hibernate.Version  - HHH000412: Hibernate ORM core version 5.6.9.Final
2022-12-11 17:34:18 INFO  - org.hibernate.annotations.common.Version  - HCANN000001: Hibernate Commons Annotations {5.1.2.Final}
2022-12-11 17:34:18 INFO  - com.zaxxer.hikari.HikariDataSource  - HikariPool-1 - Starting...
2022-12-11 17:34:18 INFO  - com.zaxxer.hikari.HikariDataSource  - HikariPool-1 - Start completed.
2022-12-11 17:34:18 INFO  - org.hibernate.dialect.Dialect  - HHH000400: Using dialect: org.hibernate.dialect.PostgreSQL10Dialect
2022-12-11 17:34:18 WARN  - org.hibernate.id.UUIDHexGenerator  - HHH000409: Using org.hibernate.id.UUIDHexGenerator which does not generate IETF RFC 4122 compliant UUID values; consider using org.hibernate.id.UUIDGenerator instead
2022-12-11 17:34:19 INFO  - org.hibernate.engine.transaction.jta.platform.internal.JtaPlatformInitiator  - HHH000490: Using JtaPlatform implementation: [org.hibernate.engine.transaction.jta.platform.internal.NoJtaPlatform]
2022-12-11 17:34:19 INFO  - org.springframework.orm.jpa.LocalContainerEntityManagerFactoryBean  - Initialized JPA EntityManagerFactory for persistence unit 'default'
2022-12-11 17:34:19 WARN  - org.springframework.boot.autoconfigure.orm.jpa.JpaBaseConfiguration$JpaWebConfiguration  - spring.jpa.open-in-view is enabled by default. Therefore, database queries may be performed during view rendering. Explicitly configure spring.jpa.open-in-view to disable this warning
2022-12-11 17:34:20 INFO  - org.springframework.security.web.DefaultSecurityFilterChain  - Will secure any request with [org.springframework.security.web.context.request.async.WebAsyncManagerIntegrationFilter@951053f, org.springframework.security.web.context.SecurityContextPersistenceFilter@216c6825, org.springframework.security.web.header.HeaderWriterFilter@75f316df, org.springframework.security.web.authentication.logout.LogoutFilter@3958e148, com.company.config.JwtTokenFilter@4f5df012, org.springframework.security.web.savedrequest.RequestCacheAwareFilter@1c4a8c93, org.springframework.security.web.servletapi.SecurityContextHolderAwareRequestFilter@549b26d7, org.springframework.security.web.authentication.AnonymousAuthenticationFilter@e196238, org.springframework.security.web.session.SessionManagementFilter@58397dd, org.springframework.security.web.access.ExceptionTranslationFilter@18edbed9, org.springframework.security.web.access.intercept.FilterSecurityInterceptor@2f143ea]
2022-12-11 17:34:20 INFO  - org.springframework.boot.web.embedded.tomcat.TomcatWebServer  - Tomcat started on port(s): 8080 (http) with context path ''
2022-12-11 17:34:20 INFO  - com.company.KunUz3Security22DarsApplication  - Started KunUz3Security22DarsApplication in 3.674 seconds (JVM running for 4.04)
2022-12-11 17:34:23 INFO  - org.apache.catalina.core.ContainerBase.[Tomcat].[localhost].[/]  - Initializing Spring DispatcherServlet 'dispatcherServlet'
2022-12-11 17:34:23 INFO  - org.springframework.web.servlet.DispatcherServlet  - Initializing Servlet 'dispatcherServlet'
2022-12-11 17:34:23 INFO  - org.springframework.web.servlet.DispatcherServlet  - Completed initialization in 1 ms
2022-12-11 17:34:23 INFO  - com.company.controller.ProfileController  - Request for create com.company.dto.profile.ProfileDTO@27745fff
2022-12-11 17:35:12 INFO  - org.springframework.orm.jpa.LocalContainerEntityManagerFactoryBean  - Closing JPA EntityManagerFactory for persistence unit 'default'
2022-12-11 17:35:12 INFO  - com.zaxxer.hikari.HikariDataSource  - HikariPool-1 - Shutdown initiated...
2022-12-11 17:35:12 INFO  - com.zaxxer.hikari.HikariDataSource  - HikariPool-1 - Shutdown completed.
